#
# There is insufficient memory for the Java Runtime Environment to continue.
# Native memory allocation (malloc) failed to allocate 1048576 bytes for AllocateHeap
# Possible reasons:
#   The system is out of physical RAM or swap space
#   The process is running with CompressedOops enabled, and the Java Heap may be blocking the growth of the native heap
# Possible solutions:
#   Reduce memory load on the system
#   Increase physical memory or swap space
#   Check if swap backing store is full
#   Decrease Java heap size (-Xmx/-Xms)
#   Decrease number of Java threads
#   Decrease Java thread stack sizes (-Xss)
#   Set larger code cache with -XX:ReservedCodeCacheSize=
#   JVM is running with Unscaled Compressed Oops mode in which the Java heap is
#     placed in the first 4GB address space. The Java Heap base address is the
#     maximum limit for the native heap growth. Please use -XX:HeapBaseMinAddress
#     to set the Java Heap base and to place the Java Heap above 4GB virtual address.
# This output file may be truncated or incomplete.
#
#  Out of Memory Error (memory/allocation.inline.hpp:61), pid=3288, tid=0x00000000000009e0
#
# JRE version:  (8.0_221-b11) (build )
# Java VM: Java HotSpot(TM) 64-Bit Server VM (25.221-b11 mixed mode windows-amd64 compressed oops)
# Failed to write core dump. Minidumps are not enabled by default on client versions of Windows
#

---------------  T H R E A D  ---------------

Current thread (0x0000000002ade000):  JavaThread "Unknown thread" [_thread_in_vm, id=2528, stack(0x0000000002bc0000,0x0000000002cc0000)]

Stack: [0x0000000002bc0000,0x0000000002cc0000]
[error occurred during error reporting (printing stack bounds), id 0xc0000005]

Native frames: (J=compiled Java code, j=interpreted, Vv=VM code, C=native code)


---------------  P R O C E S S  ---------------

Java Threads: ( => current thread )

Other Threads:

=>0x0000000002ade000 (exited) JavaThread "Unknown thread" [_thread_in_vm, id=2528, stack(0x0000000002bc0000,0x0000000002cc0000)]

VM state:not at safepoint (normal execution)

VM Mutex/Monitor currently owned by a thread: None

heap address: 0x0000000084a00000, size: 1974 MB, Compressed Oops mode: 32-bit
Narrow klass base: 0x0000000000000000, Narrow klass shift: 3
Compressed class space size: 1073741824 Address: 0x0000000100000000

Heap:
 PSYoungGen      total 36864K, used 634K [0x00000000d6e00000, 0x00000000d9700000, 0x0000000100000000)
  eden space 31744K, 2% used [0x00000000d6e00000,0x00000000d6e9eb90,0x00000000d8d00000)
  from space 5120K, 0% used [0x00000000d9200000,0x00000000d9200000,0x00000000d9700000)
  to   space 5120K, 0% used [0x00000000d8d00000,0x00000000d8d00000,0x00000000d9200000)
 ParOldGen       total 84992K, used 0K [0x0000000084a00000, 0x0000000089d00000, 0x00000000d6e00000)
  object space 84992K, 0% used [0x0000000084a00000,0x0000000084a00000,0x0000000089d00000)
 Metaspace       used 776K, capacity 4480K, committed 4480K, reserved 1056768K
  class space    used 76K, capacity 384K, committed 384K, reserved 1048576K

Card table byte_map: [0x0000000012180000,0x0000000012560000] byte_map_base: 0x0000000011d5b000

Marking Bits: (ParMarkBitMap*) 0x000000006f305ce0
 Begin Bits: [0x0000000013200000, 0x00000000150d8000)
 End Bits:   [0x00000000150d8000, 0x0000000016fb0000)

Polling page: 0x0000000002ac0000

CodeCache: size=245760Kb used=328Kb max_used=328Kb free=245431Kb
 bounds [0x0000000002dc0000, 0x0000000003030000, 0x0000000011dc0000]
 total_blobs=58 nmethods=0 adapters=38
 compilation: enabled

Compilation events (0 events):
No events

GC Heap History (0 events):
No events

Deoptimization events (0 events):
No events

Classes redefined (0 events):
No events

Internal exceptions (0 events):
No events

Events (10 events):
Event: 0.023 loading class java/lang/Short
Event: 0.023 loading class java/lang/Short done
Event: 0.023 loading class java/lang/Integer
Event: 0.023 loading class java/lang/Integer done
Event: 0.023 loading class java/lang/Long
Event: 0.023 loading class java/lang/Long done
Event: 0.024 loading class java/lang/NullPointerException
Event: 0.024 loading class java/lang/NullPointerException done
Event: 0.024 loading class java/lang/ArithmeticException
Event: 0.024 loading class java/lang/ArithmeticException done


Dynamic libraries:
0x00007ff6d1540000 - 0x00007ff6d1577000 	C:\Program Files\Java\jdk1.8.0_221\bin\java.exe
0x00007ffcfba60000 - 0x00007ffcfbcc5000 	C:\WINDOWS\SYSTEM32\ntdll.dll
0x00007ffcf9d30000 - 0x00007ffcf9df9000 	C:\WINDOWS\System32\KERNEL32.DLL
0x00007ffcf91d0000 - 0x00007ffcf95b8000 	C:\WINDOWS\System32\KERNELBASE.dll
0x00007ffcf9ad0000 - 0x00007ffcf9b83000 	C:\WINDOWS\System32\ADVAPI32.dll
0x00007ffcfacc0000 - 0x00007ffcfad69000 	C:\WINDOWS\System32\msvcrt.dll
0x00007ffcfb330000 - 0x00007ffcfb3d6000 	C:\WINDOWS\System32\sechost.dll
0x00007ffcf9c10000 - 0x00007ffcf9d25000 	C:\WINDOWS\System32\RPCRT4.dll
0x00007ffcfb010000 - 0x00007ffcfb1da000 	C:\WINDOWS\System32\USER32.dll
0x00007ffcf8e50000 - 0x00007ffcf8e77000 	C:\WINDOWS\System32\win32u.dll
0x00007ffcfa800000 - 0x00007ffcfa82b000 	C:\WINDOWS\System32\GDI32.dll
0x00007ffcf9090000 - 0x00007ffcf91c7000 	C:\WINDOWS\System32\gdi32full.dll
0x00007ffcf8d00000 - 0x00007ffcf8da3000 	C:\WINDOWS\System32\msvcp_win.dll
0x00007ffcf8bb0000 - 0x00007ffcf8cfb000 	C:\WINDOWS\System32\ucrtbase.dll
0x00007ffcdbeb0000 - 0x00007ffcdc14a000 	C:\WINDOWS\WinSxS\amd64_microsoft.windows.common-controls_6595b64144ccf1df_6.0.26100.4202_none_3e0698d4e335f517\COMCTL32.dll
0x00007ffcfb9e0000 - 0x00007ffcfba10000 	C:\WINDOWS\System32\IMM32.DLL
0x000000006ea00000 - 0x000000006ead2000 	C:\Program Files\Java\jdk1.8.0_221\jre\bin\msvcr100.dll
0x000000006eae0000 - 0x000000006f385000 	C:\Program Files\Java\jdk1.8.0_221\jre\bin\server\jvm.dll
0x00007ffcf99e0000 - 0x00007ffcf99e8000 	C:\WINDOWS\System32\PSAPI.DLL
0x00007ffceecf0000 - 0x00007ffceed25000 	C:\WINDOWS\SYSTEM32\WINMM.dll
0x00007ffcd4c50000 - 0x00007ffcd4c5a000 	C:\WINDOWS\SYSTEM32\WSOCK32.dll
0x00007ffcf99f0000 - 0x00007ffcf9a64000 	C:\WINDOWS\System32\WS2_32.dll
0x00007ffceda90000 - 0x00007ffceda9b000 	C:\WINDOWS\SYSTEM32\VERSION.dll
0x00007ffcb8670000 - 0x00007ffcb867f000 	C:\Program Files\Java\jdk1.8.0_221\jre\bin\verify.dll
0x00007ffcb6780000 - 0x00007ffcb67a9000 	C:\Program Files\Java\jdk1.8.0_221\jre\bin\java.dll
0x00007ffcb72e0000 - 0x00007ffcb72f6000 	C:\Program Files\Java\jdk1.8.0_221\jre\bin\zip.dll

VM Arguments:
jvm_args: -Dfile.encoding=UTF-8 
java_command: ARION.FormUsers
java_class_path (initial): C:\tugas mata kuliah\semester 4\pemrogrraman 1\mysql-connector-j-9.3.0.jar;C:\Users\ORIGIN\OneDrive\Dokumen\NetBeansProjects\P17_ARION\build\classes
Launcher Type: SUN_STANDARD

Environment Variables:
PATH=C:\Program Files\Common Files\Oracle\Java\javapath;C:\Program Files (x86)\Common Files\Oracle\Java\java8path;C:\Program Files (x86)\Common Files\Oracle\Java\javapath;C:\Program Files (x86)\Common Files\Intel\Shared Libraries\redist\intel64\compiler;C:\Windows\system32;C:\Windows;C:\Windows\System32\Wbem;C:\Windows\System32\WindowsPowerShell\v1.0\;C:\Windows\System32\OpenSSH\;C:\Program Files (x86)\NVIDIA Corporation\PhysX\Common;C:\Program Files\NVIDIA Corporation\NVIDIA NvDLISR;C:\WINDOWS\system32;C:\WINDOWS;C:\WINDOWS\System32\Wbem;C:\WINDOWS\System32\WindowsPowerShell\v1.0\;C:\WINDOWS\System32\OpenSSH\;C:\Program Files\MySQL\MySQL Server 8.0\bin;C:\Program Files\MySQL\MySQL Server 8.0\bin;C:\Program Files\PuTTY\;C:\Program Files\Docker\Docker\resources\bin;C:\Users\ORIGIN\AppData\Local\Programs\Python\Python313\Scripts\;C:\Users\ORIGIN\AppData\Local\Programs\Python\Python313\;C:\Users\ORIGIN\AppData\Local\Programs\Python\Launcher\;C:\Users\ORIGIN\AppData\Local\Microsoft\WindowsApps;C:\Users\ORIGIN\AppData\Local\Programs\Microsoft VS Code\bin;C:\msys64\ucrt64\bin;C:\MinGW\bin;C:\Users\ORIGIN\AppData\Local\GitHubDesktop\bin
USERNAME=ORIGIN
OS=Windows_NT
PROCESSOR_IDENTIFIER=Intel64 Family 6 Model 141 Stepping 1, GenuineIntel



---------------  S Y S T E M  ---------------

OS: Windows 10.0 , 64 bit Build 26100 (10.0.26100.4202)

CPU:total 12 (initial active 12) (6 cores per cpu, 2 threads per core) family 6 model 141 stepping 1, cmov, cx8, fxsr, mmx, sse, sse2, sse3, ssse3, sse4.1, sse4.2, popcnt, avx, avx2, aes, clmul, erms, 3dnowpref, lzcnt, ht, tsc, tscinvbit, bmi1, bmi2, adx

Memory: 4k page, physical 8083116k(554920k free), swap 33248940k(708k free)

vm_info: Java HotSpot(TM) 64-Bit Server VM (25.221-b11) for windows-amd64 JRE (1.8.0_221-b11), built on Jul  4 2019 04:39:29 by "java_re" with MS VC++ 10.0 (VS2010)

time: Fri Jun 27 10:16:58 2025
timezone: SE Asia Standard Time
elapsed time: 0 seconds (0d 0h 0m 0s)

